<?xml version="1.0" encoding="UTF-8"?>
<testsuite xmlns:xsi="http://www.w3.org/2001/XMLSchema-instance" xsi:noNamespaceSchemaLocation="https://maven.apache.org/surefire/maven-surefire-plugin/xsd/surefire-test-report.xsd" name="cn.hotel.serviceApi.test.RedisTest" time="1.993" tests="1" errors="1" skipped="0" failures="0">
  <properties>
[...]
</properties>
  <testcase name="testJedis" classname="cn.hotel.serviceApi.test.RedisTest" time="1.993">
    <error message="java.net.SocketTimeoutException: connect timed out" type="redis.clients.jedis.exceptions.JedisConnectionException">redis.clients.jedis.exceptions.JedisConnectionException: java.net.SocketTimeoutException: connect timed out
	at cn.hotel.serviceApi.test.RedisTest.testJedis(RedisTest.java:10)
Caused by: java.net.SocketTimeoutException: connect timed out
	at cn.hotel.serviceApi.test.RedisTest.testJedis(RedisTest.java:10)
</error>
  </testcase>
</testsuite>